app/build/outputs/logs/manifest-merger-debug-report.txt
-- Merging decision tree log ---
manifest
ADDED from src\main\AndroidManifest.xml:2:1-153:12
INJECTED from src\main\AndroidManifest.xml:2:1-153:12
INJECTED from src\main\AndroidManifest.xml:2:1-153:12
INJECTED from src\main\AndroidManifest.xml:2:1-153:12
MERGED from [com.android.support:design:28.0.0] AndroidManifest.xml:17:1-24:12
MERGED from [com.github.varunest:sparkbutton:1.0.5] AndroidManifest.xml:2:1-17:12
MERGED from [com.tomer:fadingtextview:2.5] AndroidManifest.xml:2:1-10:12
MERGED from [com.android.support:appcompat-v7:28.0.0] AndroidManifest.xml:17:1-22:12
MERGED from [com.github.JakeWharton:ViewPagerIndicator:2.4.1] AndroidManifest.xml:2:1-11:12
MERGED from [com.android.support:support-v4:28.0.0] AndroidManifest.xml:17:1-22:12
MERGED from [com.android.support.constraint:constraint-layout:1.1.3] AndroidManifest.xml:2:1-11:12
MERGED from [com.android.support:cardview-v7:28.0.0] AndroidManifest.xml:17:1-22:12
MERGED from [com.android.support:recyclerview-v7:28.0.0] AndroidManifest.xml:17:1-22:12
MERGED from [com.mcxiaoke.volley:library-aar:1.0.0] AndroidManifest.xml:1:70-7:12
MERGED from [com.daimajia.slider:library:1.1.5] AndroidManifest.xml:2:1-14:12
MERGED from [com.android.support:support-fragment:28.0.0] AndroidManifest.xml:17:1-22:12
MERGED from [com.android.support:animated-vector-drawable:28.0.0] AndroidManifest.xml:17:1-22:12
MERGED from [com.android.support:support-core-ui:28.0.0] AndroidManifest.xml:17:1-22:12
MERGED from [com.android.support:support-core-utils:28.0.0] AndroidManifest.xml:17:1-22:12
MERGED from [com.android.support:transition:28.0.0] AndroidManifest.xml:17:1-22:12
MERGED from [com.android.support:loader:28.0.0] AndroidManifest.xml:17:1-22:12
MERGED from [com.android.support:viewpager:28.0.0] AndroidManifest.xml:17:1-22:12
MERGED from [com.android.support:coordinatorlayout:28.0.0] AndroidManifest.xml:17:1-22:12
MERGED from [com.android.support:drawerlayout:28.0.0] AndroidManifest.xml:17:1-22:12
MERGED from [com.android.support:slidingpanelayout:28.0.0] AndroidManifest.xml:17:1-22:12
MERGED from [com.android.support:customview:28.0.0] AndroidManifest.xml:17:1-22:12
MERGED from [com.android.support:swiperefreshlayout:28.0.0] AndroidManifest.xml:17:1-22:12
MERGED from [com.android.support:asynclayoutinflater:28.0.0] AndroidManifest.xml:17:1-22:12
MERGED from [com.android.support:support-media-compat:28.0.0] AndroidManifest.xml:17:1-22:12
MERGED from [com.android.support:support-vector-drawable:28.0.0] AndroidManifest.xml:17:1-22:12
MERGED from [com.android.support:support-compat:28.0.0] AndroidManifest.xml:17:1-24:12
MERGED from [com.android.support:versionedparcelable:28.0.0] AndroidManifest.xml:17:1-25:12
MERGED from [android.arch.lifecycle:runtime:1.1.1] AndroidManifest.xml:17:1-22:12
MERGED from [com.android.support:documentfile:28.0.0] AndroidManifest.xml:17:1-22:12
MERGED from [com.android.support:localbroadcastmanager:28.0.0] AndroidManifest.xml:17:1-22:12
MERGED from [com.android.support:print:28.0.0] AndroidManifest.xml:17:1-22:12
MERGED from [android.arch.lifecycle:viewmodel:1.1.1] AndroidManifest.xml:17:1-22:12
MERGED from [com.android.support:interpolator:28.0.0] AndroidManifest.xml:17:1-22:12
MERGED from [com.android.support:cursoradapter:28.0.0] AndroidManifest.xml:17:1-22:12
MERGED from [android.arch.lifecycle:livedata:1.1.1] AndroidManifest.xml:17:1-22:12
MERGED from [android.arch.lifecycle:livedata-core:1.1.1] AndroidManifest.xml:17:1-22:12
MERGED from [android.arch.core:runtime:1.1.1] AndroidManifest.xml:17:1-22:12
INJECTED from src\main\AndroidManifest.xml:2:1-153:12
INJECTED from src\main\AndroidManifest.xml:2:1-153:12
INJECTED from src\main\AndroidManifest.xml:2:1-153:12
	package
		ADDED from src\main\AndroidManifest.xml:4:5-49
		INJECTED from src\main\AndroidManifest.xml
		INJECTED from src\main\AndroidManifest.xml
	android:versionName
		ADDED from src\main\AndroidManifest.xml:6:5-30
		INJECTED from src\main\AndroidManifest.xml
		INJECTED from src\main\AndroidManifest.xml
	xmlns:tools
		ADDED from src\main\AndroidManifest.xml:3:5-51
	xmlns:android
		ADDED from src\main\AndroidManifest.xml:2:11-69
	android:versionCode
		ADDED from src\main\AndroidManifest.xml:5:5-28
		INJECTED from src\main\AndroidManifest.xml
		INJECTED from src\main\AndroidManifest.xml
uses-sdk
ADDED from src\main\AndroidManifest.xml:8:5-10:41
INJECTED from src\main\AndroidManifest.xml:8:5-10:41
INJECTED from src\main\AndroidManifest.xml:8:5-10:41
MERGED from [com.android.support:design:28.0.0] AndroidManifest.xml:20:5-44
MERGED from [com.android.support:design:28.0.0] AndroidManifest.xml:20:5-44
MERGED from [com.github.varunest:sparkbutton:1.0.5] AndroidManifest.xml:7:5-9:41
MERGED from [com.github.varunest:sparkbutton:1.0.5] AndroidManifest.xml:7:5-9:41
MERGED from [com.tomer:fadingtextview:2.5] AndroidManifest.xml:6:5-8:41
MERGED from [com.tomer:fadingtextview:2.5] AndroidManifest.xml:6:5-8:41
MERGED from [com.android.support:appcompat-v7:28.0.0] AndroidManifest.xml:20:5-44
MERGED from [com.android.support:appcompat-v7:28.0.0] AndroidManifest.xml:20:5-44
MERGED from [com.github.JakeWharton:ViewPagerIndicator:2.4.1] AndroidManifest.xml:7:5-9:41
MERGED from [com.github.JakeWharton:ViewPagerIndicator:2.4.1] AndroidManifest.xml:7:5-9:41
MERGED from [com.android.support:support-v4:28.0.0] AndroidManifest.xml:20:5-44
MERGED from [com.android.support:support-v4:28.0.0] AndroidManifest.xml:20:5-44
MERGED from [com.android.support.constraint:constraint-layout:1.1.3] AndroidManifest.xml:5:5-7:41
MERGED from [com.android.support.constraint:constraint-layout:1.1.3] AndroidManifest.xml:5:5-7:41
MERGED from [com.android.support:cardview-v7:28.0.0] AndroidManifest.xml:20:5-44
MERGED from [com.android.support:cardview-v7:28.0.0] AndroidManifest.xml:20:5-44
MERGED from [com.android.support:recyclerview-v7:28.0.0] AndroidManifest.xml:20:5-44
MERGED from [com.android.support:recyclerview-v7:28.0.0] AndroidManifest.xml:20:5-44
MERGED from [com.mcxiaoke.volley:library-aar:1.0.0] AndroidManifest.xml:3:5-72
MERGED from [com.mcxiaoke.volley:library-aar:1.0.0] AndroidManifest.xml:3:5-72
MERGED from [com.daimajia.slider:library:1.1.5] AndroidManifest.xml:7:5-9:41
MERGED from [com.daimajia.slider:library:1.1.5] AndroidManifest.xml:7:5-9:41
MERGED from [com.android.support:support-fragment:28.0.0] AndroidManifest.xml:20:5-44
MERGED from [com.android.support:support-fragment:28.0.0] AndroidManifest.xml:20:5-44
MERGED from [com.android.support:animated-vector-drawable:28.0.0] AndroidManifest.xml:20:5-44
MERGED from [com.android.support:animated-vector-drawable:28.0.0] AndroidManifest.xml:20:5-44
MERGED from [com.android.support:support-core-ui:28.0.0] AndroidManifest.xml:20:5-44
MERGED from [com.android.support:support-core-ui:28.0.0] AndroidManifest.xml:20:5-44
MERGED from [com.android.support:support-core-utils:28.0.0] AndroidManifest.xml:20:5-44
MERGED from [com.android.support:support-core-utils:28.0.0] AndroidManifest.xml:20:5-44
MERGED from [com.android.support:transition:28.0.0] AndroidManifest.xml:20:5-44
MERGED from [com.android.support:transition:28.0.0] AndroidManifest.xml:20:5-44
MERGED from [com.android.support:loader:28.0.0] AndroidManifest.xml:20:5-44
MERGED from [com.android.support:loader:28.0.0] AndroidManifest.xml:20:5-44
MERGED from [com.android.support:viewpager:28.0.0] AndroidManifest.xml:20:5-44
MERGED from [com.android.support:viewpager:28.0.0] AndroidManifest.xml:20:5-44
MERGED from [com.android.support:coordinatorlayout:28.0.0] AndroidManifest.xml:20:5-44
MERGED from [com.android.support:coordinatorlayout:28.0.0] AndroidManifest.xml:20:5-44
MERGED from [com.android.support:drawerlayout:28.0.0] AndroidManifest.xml:20:5-44
MERGED from [com.android.support:drawerlayout:28.0.0] AndroidManifest.xml:20:5-44
MERGED from [com.android.support:slidingpanelayout:28.0.0] AndroidManifest.xml:20:5-44
MERGED from [com.android.support:slidingpanelayout:28.0.0] AndroidManifest.xml:20:5-44
MERGED from [com.android.support:customview:28.0.0] AndroidManifest.xml:20:5-44
MERGED from [com.android.support:customview:28.0.0] AndroidManifest.xml:20:5-44
MERGED from [com.android.support:swiperefreshlayout:28.0.0] AndroidManifest.xml:20:5-44
MERGED from [com.android.support:swiperefreshlayout:28.0.0] AndroidManifest.xml:20:5-44
MERGED from [com.android.support:asynclayoutinflater:28.0.0] AndroidManifest.xml:20:5-44
MERGED from [com.android.support:asynclayoutinflater:28.0.0] AndroidManifest.xml:20:5-44
MERGED from [com.android.support:support-media-compat:28.0.0] AndroidManifest.xml:20:5-44
MERGED from [com.android.support:support-media-compat:28.0.0] AndroidManifest.xml:20:5-44
MERGED from [com.android.support:support-vector-drawable:28.0.0] AndroidManifest.xml:20:5-44
MERGED from [com.android.support:support-vector-drawable:28.0.0] AndroidManifest.xml:20:5-44
MERGED from [com.android.support:support-compat:28.0.0] AndroidManifest.xml:20:5-44
MERGED from [com.android.support:support-compat:28.0.0] AndroidManifest.xml:20:5-44
MERGED from [com.android.support:versionedparcelable:28.0.0] AndroidManifest.xml:20:5-44
MERGED from [com.android.support:versionedparcelable:28.0.0] AndroidManifest.xml:20:5-44
MERGED from [android.arch.lifecycle:runtime:1.1.1] AndroidManifest.xml:20:5-44
MERGED from [android.arch.lifecycle:runtime:1.1.1] AndroidManifest.xml:20:5-44
MERGED from [com.android.support:documentfile:28.0.0] AndroidManifest.xml:20:5-44
MERGED from [com.android.support:documentfile:28.0.0] AndroidManifest.xml:20:5-44
MERGED from [com.android.support:localbroadcastmanager:28.0.0] AndroidManifest.xml:20:5-44
MERGED from [com.android.support:localbroadcastmanager:28.0.0] AndroidManifest.xml:20:5-44
MERGED from [com.android.support:print:28.0.0] AndroidManifest.xml:20:5-44
MERGED from [com.android.support:print:28.0.0] AndroidManifest.xml:20:5-44
MERGED from [android.arch.lifecycle:viewmodel:1.1.1] AndroidManifest.xml:20:5-44
MERGED from [android.arch.lifecycle:viewmodel:1.1.1] AndroidManifest.xml:20:5-44
MERGED from [com.android.support:interpolator:28.0.0] AndroidManifest.xml:20:5-44
MERGED from [com.android.support:interpolator:28.0.0] AndroidManifest.xml:20:5-44
MERGED from [com.android.support:cursoradapter:28.0.0] AndroidManifest.xml:20:5-44
MERGED from [com.android.support:cursoradapter:28.0.0] AndroidManifest.xml:20:5-44
MERGED from [android.arch.lifecycle:livedata:1.1.1] AndroidManifest.xml:20:5-44
MERGED from [android.arch.lifecycle:livedata:1.1.1] AndroidManifest.xml:20:5-44
MERGED from [android.arch.lifecycle:livedata-core:1.1.1] AndroidManifest.xml:20:5-44
MERGED from [android.arch.lifecycle:livedata-core:1.1.1] AndroidManifest.xml:20:5-44
MERGED from [android.arch.core:runtime:1.1.1] AndroidManifest.xml:20:5-44
MERGED from [android.arch.core:runtime:1.1.1] AndroidManifest.xml:20:5-44
INJECTED from src\main\AndroidManifest.xml:8:5-10:41
INJECTED from src\main\AndroidManifest.xml:8:5-10:41
	android:targetSdkVersion
		ADDED from src\main\AndroidManifest.xml:10:9-38
		INJECTED from src\main\AndroidManifest.xml
		INJECTED from src\main\AndroidManifest.xml
	android:minSdkVersion
		ADDED from src\main\AndroidManifest.xml:9:9-34
		INJECTED from src\main\AndroidManifest.xml
		INJECTED from src\main\AndroidManifest.xml
uses-permission#android.permission.ACCESS_COARSE_LOCATION
ADDED from src\main\AndroidManifest.xml:12:5-81
	android:name
		ADDED from src\main\AndroidManifest.xml:12:22-78
uses-permission#android.permission.ACCESS_FINE_LOCATION
ADDED from src\main\AndroidManifest.xml:13:5-79
	android:name
		ADDED from src\main\AndroidManifest.xml:13:22-76
uses-permission#android.permission.RECEIVE_BOOT_COMPLETED
ADDED from src\main\AndroidManifest.xml:14:5-81
	android:name
		ADDED from src\main\AndroidManifest.xml:14:22-78
uses-permission#android.permission.INTERNET
ADDED from src\main\AndroidManifest.xml:15:5-67
MERGED from [com.daimajia.slider:library:1.1.5] AndroidManifest.xml:11:5-67
MERGED from [com.daimajia.slider:library:1.1.5] AndroidManifest.xml:11:5-67
	android:name
		ADDED from src\main\AndroidManifest.xml:15:22-64
uses-permission#android.permission.WRITE_EXTERNAL_STORAGE
ADDED from src\main\AndroidManifest.xml:16:5-81
MERGED from [com.daimajia.slider:library:1.1.5] AndroidManifest.xml:12:5-81
MERGED from [com.daimajia.slider:library:1.1.5] AndroidManifest.xml:12:5-81
	android:name
		ADDED from src\main\AndroidManifest.xml:16:22-78
uses-permission#android.permission.READ_PHONE_STATE
ADDED from src\main\AndroidManifest.xml:17:5-75
	android:name
		ADDED from src\main\AndroidManifest.xml:17:22-72
uses-permission#android.permission.READ_EXTERNAL_STORAGE
ADDED from src\main\AndroidManifest.xml:18:5-80
	android:name
		ADDED from src\main\AndroidManifest.xml:18:22-77
uses-permission#android.permission.ACCESS_NETWORK_STATE
ADDED from src\main\AndroidManifest.xml:19:5-79
	android:name
		ADDED from src\main\AndroidManifest.xml:19:22-76
application
ADDED from src\main\AndroidManifest.xml:21:5-151:19
REJECTED from [com.android.support:design:28.0.0] AndroidManifest.xml:22:5-20
REJECTED from [com.github.varunest:sparkbutton:1.0.5] AndroidManifest.xml:11:5-15:19
REJECTED from [com.android.support.constraint:constraint-layout:1.1.3] AndroidManifest.xml:9:5-20
REJECTED from [com.mcxiaoke.volley:library-aar:1.0.0] AndroidManifest.xml:5:5-19
REJECTED from [com.android.support:support-compat:28.0.0] AndroidManifest.xml:22:5-94
REJECTED from [com.android.support:versionedparcelable:28.0.0] AndroidManifest.xml:22:5-23:19
	tools:node
		ADDED from src\main\AndroidManifest.xml:29:9-29
	android:supportsRtl
		ADDED from src\main\AndroidManifest.xml:27:9-35
	android:label
		ADDED from src\main\AndroidManifest.xml:25:9-41
	android:roundIcon
		ADDED from src\main\AndroidManifest.xml:26:9-49
	android:icon
		ADDED from src\main\AndroidManifest.xml:24:9-38
	android:allowBackup
		ADDED from src\main\AndroidManifest.xml:23:9-35
	android:theme
		ADDED from src\main\AndroidManifest.xml:28:9-40
	android:name
		ADDED from src\main\AndroidManifest.xml:22:9-42
activity#com.example.saishekar.rbnavigation.LoginActivity
ADDED from src\main\AndroidManifest.xml:30:9-40:20
	android:label
		ADDED from src\main\AndroidManifest.xml:32:13-41
	android:launchMode
		ADDED from src\main\AndroidManifest.xml:33:13-43
	android:windowSoftInputMode
		ADDED from src\main\AndroidManifest.xml:34:13-52
	android:name
		ADDED from src\main\AndroidManifest.xml:31:13-42
intent-filter#action:name:android.intent.action.MAIN+category:name:android.intent.category.LAUNCHER
ADDED from src\main\AndroidManifest.xml:35:13-39:29
action#android.intent.action.MAIN
ADDED from src\main\AndroidManifest.xml:36:17-69
	android:name
		ADDED from src\main\AndroidManifest.xml:36:25-66
category#android.intent.category.LAUNCHER
ADDED from src\main\AndroidManifest.xml:38:17-77
	android:name
		ADDED from src\main\AndroidManifest.xml:38:27-74
activity#com.example.saishekar.rbnavigation.RegisterActivity
ADDED from src\main\AndroidManifest.xml:41:9-46:55
	android:parentActivityName
		ADDED from src\main\AndroidManifest.xml:45:13-58
	android:label
		ADDED from src\main\AndroidManifest.xml:43:13-41
	android:launchMode
		ADDED from src\main\AndroidManifest.xml:44:13-43
	android:windowSoftInputMode
		ADDED from src\main\AndroidManifest.xml:46:13-52
	android:name
		ADDED from src\main\AndroidManifest.xml:42:13-45
activity#com.example.saishekar.rbnavigation.Plan
ADDED from src\main\AndroidManifest.xml:47:9-49:61
	android:parentActivityName
		ADDED from src\main\AndroidManifest.xml:49:13-58
	android:name
		ADDED from src\main\AndroidManifest.xml:48:13-33
activity#com.example.saishekar.rbnavigation.Price
ADDED from src\main\AndroidManifest.xml:50:9-52:61
	android:parentActivityName
		ADDED from src\main\AndroidManifest.xml:52:13-58
	android:name
		ADDED from src\main\AndroidManifest.xml:51:13-34
activity#com.example.saishekar.rbnavigation.Crop
ADDED from src\main\AndroidManifest.xml:53:9-55:61
	android:parentActivityName
		ADDED from src\main\AndroidManifest.xml:55:13-58
	android:name
		ADDED from src\main\AndroidManifest.xml:54:13-33
activity#com.example.saishekar.rbnavigation.Wheather
ADDED from src\main\AndroidManifest.xml:56:9-58:61
	android:parentActivityName
		ADDED from src\main\AndroidManifest.xml:58:13-58
	android:name
		ADDED from src\main\AndroidManifest.xml:57:13-37
activity#com.example.saishekar.rbnavigation.Tomato
ADDED from src\main\AndroidManifest.xml:59:9-61:51
	android:parentActivityName
		ADDED from src\main\AndroidManifest.xml:61:13-48
	android:name
		ADDED from src\main\AndroidManifest.xml:60:13-35
activity#com.example.saishekar.rbnavigation.GreenChilly
ADDED from src\main\AndroidManifest.xml:62:9-64:51
	android:parentActivityName
		ADDED from src\main\AndroidManifest.xml:64:13-48
	android:name
		ADDED from src\main\AndroidManifest.xml:63:13-40
activity#com.example.saishekar.rbnavigation.Radish
ADDED from src\main\AndroidManifest.xml:65:9-67:51
	android:parentActivityName
		ADDED from src\main\AndroidManifest.xml:67:13-48
	android:name
		ADDED from src\main\AndroidManifest.xml:66:13-35
activity#com.example.saishekar.rbnavigation.Bittergourd
ADDED from src\main\AndroidManifest.xml:68:9-70:51
	android:parentActivityName
		ADDED from src\main\AndroidManifest.xml:70:13-48
	android:name
		ADDED from src\main\AndroidManifest.xml:69:13-40
activity#com.example.saishekar.rbnavigation.Cabbage
ADDED from src\main\AndroidManifest.xml:71:9-73:51
	android:parentActivityName
		ADDED from src\main\AndroidManifest.xml:73:13-48
	android:name
		ADDED from src\main\AndroidManifest.xml:72:13-36
activity#com.example.saishekar.rbnavigation.Beetroot
ADDED from src\main\AndroidManifest.xml:74:9-76:51
	android:parentActivityName
		ADDED from src\main\AndroidManifest.xml:76:13-48
	android:name
		ADDED from src\main\AndroidManifest.xml:75:13-37
activity#com.example.saishekar.rbnavigation.BeetrootPredictionActivity
ADDED from src\main\AndroidManifest.xml:77:9-79:54
	android:parentActivityName
		ADDED from src\main\AndroidManifest.xml:79:13-51
	android:name
		ADDED from src\main\AndroidManifest.xml:78:13-55
activity#com.example.saishekar.rbnavigation.MainActivity
ADDED from src\main\AndroidManifest.xml:80:9-50
	android:name
		ADDED from src\main\AndroidManifest.xml:80:19-47
activity#com.example.saishekar.rbnavigation.NavMainActivity
ADDED from src\main\AndroidManifest.xml:81:9-53
	android:name
		ADDED from src\main\AndroidManifest.xml:81:19-50
activity#com.example.saishekar.rbnavigation.planned
ADDED from src\main\AndroidManifest.xml:82:9-84:61
	android:parentActivityName
		ADDED from src\main\AndroidManifest.xml:84:13-58
	android:name
		ADDED from src\main\AndroidManifest.xml:83:13-36
activity#com.example.saishekar.rbnavigation.BitterGourdActivity
ADDED from src\main\AndroidManifest.xml:85:9-87:57
	android:parentActivityName
		ADDED from src\main\AndroidManifest.xml:87:13-54
	android:name
		ADDED from src\main\AndroidManifest.xml:86:13-48
activity#com.example.saishekar.rbnavigation.GreenchillyPredictionActivity
ADDED from src\main\AndroidManifest.xml:88:9-90:57
	android:parentActivityName
		ADDED from src\main\AndroidManifest.xml:90:13-54
	android:name
		ADDED from src\main\AndroidManifest.xml:89:13-58
activity#com.example.saishekar.rbnavigation.CabbagePredictionActivity
ADDED from src\main\AndroidManifest.xml:91:9-93:53
	android:parentActivityName
		ADDED from src\main\AndroidManifest.xml:93:13-50
	android:name
		ADDED from src\main\AndroidManifest.xml:92:13-54
activity#com.example.saishekar.rbnavigation.RadishPredictionActivity
ADDED from src\main\AndroidManifest.xml:94:9-96:52
	android:parentActivityName
		ADDED from src\main\AndroidManifest.xml:96:13-49
	android:name
		ADDED from src\main\AndroidManifest.xml:95:13-53
activity#com.example.saishekar.rbnavigation.TomatoPredictionActivity
ADDED from src\main\AndroidManifest.xml:97:9-99:52
	android:parentActivityName
		ADDED from src\main\AndroidManifest.xml:99:13-49
	android:name
		ADDED from src\main\AndroidManifest.xml:98:13-53
activity#com.example.saishekar.rbnavigation.Forecast
ADDED from src\main\AndroidManifest.xml:100:9-46
	android:name
		ADDED from src\main\AndroidManifest.xml:100:19-43
activity#com.example.saishekar.rbnavigation.VideoActivity
ADDED from src\main\AndroidManifest.xml:101:9-51
	android:name
		ADDED from src\main\AndroidManifest.xml:101:19-48
activity#com.example.saishekar.rbnavigation.Language
ADDED from src\main\AndroidManifest.xml:104:9-46
	android:name
		ADDED from src\main\AndroidManifest.xml:104:19-43
activity#com.example.saishekar.rbnavigation.UserDetailsActivity
ADDED from src\main\AndroidManifest.xml:105:9-107:61
	android:parentActivityName
		ADDED from src\main\AndroidManifest.xml:107:13-58
	android:name
		ADDED from src\main\AndroidManifest.xml:106:13-48
activity#com.example.saishekar.rbnavigation.NewsActivity
ADDED from src\main\AndroidManifest.xml:108:9-122:20
	android:parentActivityName
		ADDED from src\main\AndroidManifest.xml:110:13-58
	android:name
		ADDED from src\main\AndroidManifest.xml:109:13-41
intent-filter#action:name:android.intent.action.VIEW+category:name:android.intent.category.BROWSABLE+category:name:android.intent.category.DEFAULT+data:host:vijaykarnataka.indiatimes.com+data:pathPrefix:/topics/%E2%80%8B-agriculture/news+data:scheme:https
ADDED from src\main\AndroidManifest.xml:111:13-121:29
action#android.intent.action.VIEW
ADDED from src\main\AndroidManifest.xml:112:17-69
	android:name
		ADDED from src\main\AndroidManifest.xml:112:25-66
category#android.intent.category.DEFAULT
ADDED from src\main\AndroidManifest.xml:114:17-76
	android:name
		ADDED from src\main\AndroidManifest.xml:114:27-73
category#android.intent.category.BROWSABLE
ADDED from src\main\AndroidManifest.xml:115:17-78
	android:name
		ADDED from src\main\AndroidManifest.xml:115:27-75
data
ADDED from src\main\AndroidManifest.xml:117:17-120:46
	android:host
		ADDED from src\main\AndroidManifest.xml:118:21-65
	android:scheme
		ADDED from src\main\AndroidManifest.xml:120:21-43
	android:pathPrefix
		ADDED from src\main\AndroidManifest.xml:119:21-76
activity#com.example.saishekar.rbnavigation.DetailsActivity
ADDED from src\main\AndroidManifest.xml:123:9-53
	android:name
		ADDED from src\main\AndroidManifest.xml:123:19-50
activity#com.example.saishekar.rbnavigation.About_Us
ADDED from src\main\AndroidManifest.xml:124:9-126:61
	android:parentActivityName
		ADDED from src\main\AndroidManifest.xml:126:13-58
	android:name
		ADDED from src\main\AndroidManifest.xml:125:13-37
activity#com.example.saishekar.rbnavigation.Contact_us
ADDED from src\main\AndroidManifest.xml:127:9-129:61
	android:parentActivityName
		ADDED from src\main\AndroidManifest.xml:129:13-58
	android:name
		ADDED from src\main\AndroidManifest.xml:128:13-39
activity#com.example.saishekar.rbnavigation.Plannew
ADDED from src\main\AndroidManifest.xml:130:9-132:50
	android:parentActivityName
		ADDED from src\main\AndroidManifest.xml:132:13-47
	android:name
		ADDED from src\main\AndroidManifest.xml:131:13-36
activity#com.example.saishekar.rbnavigation.pricenew
ADDED from src\main\AndroidManifest.xml:133:9-135:50
	android:parentActivityName
		ADDED from src\main\AndroidManifest.xml:135:13-47
	android:name
		ADDED from src\main\AndroidManifest.xml:134:13-37
activity#com.example.saishekar.rbnavigation.Oldcropplan
ADDED from src\main\AndroidManifest.xml:136:9-138:61
	android:parentActivityName
		ADDED from src\main\AndroidManifest.xml:138:13-58
	android:name
		ADDED from src\main\AndroidManifest.xml:137:13-40
activity#com.example.saishekar.rbnavigation.Assistance
ADDED from src\main\AndroidManifest.xml:139:9-141:57
	android:parentActivityName
		ADDED from src\main\AndroidManifest.xml:141:13-54
	android:name
		ADDED from src\main\AndroidManifest.xml:140:13-39
activity#com.example.saishekar.rbnavigation.newpredict
ADDED from src\main\AndroidManifest.xml:142:9-144:51
	android:parentActivityName
		ADDED from src\main\AndroidManifest.xml:144:13-48
	android:name
		ADDED from src\main\AndroidManifest.xml:143:13-39
activity#com.example.saishekar.rbnavigation.Assistance1
ADDED from src\main\AndroidManifest.xml:145:9-147:57
	android:parentActivityName
		ADDED from src\main\AndroidManifest.xml:147:13-54
	android:name
		ADDED from src\main\AndroidManifest.xml:146:13-40
activity#com.example.saishekar.rbnavigation.youtubeactivity
ADDED from src\main\AndroidManifest.xml:148:9-150:61
	android:parentActivityName
		ADDED from src\main\AndroidManifest.xml:150:13-58
	android:name
		ADDED from src\main\AndroidManifest.xml:149:13-44